<?xml version="1.0" encoding="UTF-8"?>
<!-- Generated by org.testng.reporters.JUnitXMLReporter -->
<testsuite ignored="1" hostname="DESKTOP-R2T7A5T" failures="0" tests="2" name="Purchase Suit" time="46.143" errors="0" timestamp="2024-10-28T00:34:55 IST">
  <testcase classname="zeeshan.SeleniumFramewordDesign.tests.SubmitOrderTest" name="submitOrder" time="16.022"/>
  <testcase classname="zeeshan.SeleniumFramewordDesign.tests.SubmitOrderTest" name="submitOrder" time="16.024"/>
  <testcase classname="zeeshan.SeleniumFramewordDesign.tests.SubmitOrderTest" name="orderHistoryTest" time="0.0">
    <ignored/>
  </testcase> <!-- orderHistoryTest -->
</testsuite> <!-- Purchase Suit -->
