<?xml version="1.0" encoding="UTF-8"?>
<!-- Generated by org.testng.reporters.JUnitXMLReporter -->
<testsuite ignored="2" hostname="DESKTOP-R2T7A5T" failures="0" tests="0" time="0.031" errors="0" timestamp="2024-10-30T20:24:56 IST">
  <testcase classname="zeeshan.SeleniumFramewordDesign.tests.SubmitOrderTest" name="submitOrder" time="0.0">
    <ignored/>
  </testcase> <!-- submitOrder -->
  <testcase classname="zeeshan.SeleniumFramewordDesign.tests.SubmitOrderTest" name="orderHistoryTest" time="0.0">
    <ignored/>
  </testcase> <!-- orderHistoryTest -->
</testsuite>
