<?xml version="1.0" encoding="UTF-8"?>
<!-- Generated by org.testng.reporters.JUnitXMLReporter -->
<testsuite ignored="0" hostname="DESKTOP-R2T7A5T" failures="0" tests="3" name="Submit Order Test" time="53.388" errors="0" timestamp="2024-10-30T21:17:58 IST">
  <testcase classname="zeeshan.SeleniumFramewordDesign.tests.SubmitOrderTest" name="submitOrder" time="16.325"/>
  <testcase classname="zeeshan.SeleniumFramewordDesign.tests.SubmitOrderTest" name="submitOrder" time="16.887"/>
  <testcase classname="zeeshan.SeleniumFramewordDesign.tests.SubmitOrderTest" name="orderHistoryTest" time="4.013"/>
</testsuite> <!-- Submit Order Test -->
